Using pre-set license
Built from '2020.3/release' branch; Version is '2020.3.2f1 (8fd9074bf66c) revision 9427207'; Using compiler version '192528614'; Build Type 'Release'
OS: 'Windows 10 Enterprise LTSC 2019; OS build 17763.1637; Version 1809; 64bit' Language: 'ru' Physical Memory: 16335 MB
BatchMode: 1, IsHumanControllingUs: 0, StartBugReporterOnCrash: 0, Is64bit: 1, IsPro: 0

 COMMAND LINE ARGUMENTS:
E:\Program Files\Unity\2020.3.2f1\Editor\Unity.exe
-adb2
-batchMode
-noUpm
-name
AssetImportWorker0
-projectPath
E:/coding/unity/Ludum Dare 48 Game
-logFile
Logs/AssetImportWorker0.log
-srvPort
51806
Successfully changed project path to: E:/coding/unity/Ludum Dare 48 Game
E:/coding/unity/Ludum Dare 48 Game
Using Asset Import Pipeline V2.
Refreshing native plugins compatible for Editor in 95.72 ms, found 3 plugins.
Preloading 0 native plugins for Editor in 0.00 ms.
Initialize engine version: 2020.3.2f1 (8fd9074bf66c)
[Subsystems] Discovering subsystems at path E:/Program Files/Unity/2020.3.2f1/Editor/Data/Resources/UnitySubsystems
[Subsystems] Discovering subsystems at path E:/coding/unity/Ludum Dare 48 Game/Assets
GfxDevice: creating device client; threaded=0
Direct3D:
    Version:  Direct3D 11.0 [level 11.1]
    Renderer: Radeon RX 570 Series (ID=0x67df)
    Vendor:   
    VRAM:     8171 MB
    Driver:   27.20.14501.18003
Initialize mono
Mono path[0] = 'E:/Program Files/Unity/2020.3.2f1/Editor/Data/Managed'
Mono path[1] = 'E:/Program Files/Unity/2020.3.2f1/Editor/Data/MonoBleedingEdge/lib/mono/unityjit'
Mono config path = 'E:/Program Files/Unity/2020.3.2f1/Editor/Data/MonoBleedingEdge/etc'
Using monoOptions --debugger-agent=transport=dt_socket,embedding=1,server=y,suspend=n,address=127.0.0.1:56036
Begin MonoManager ReloadAssembly
Registering precompiled unity dll's ...
Register platform support module: E:/Program Files/Unity/2020.3.2f1/Editor/Data/PlaybackEngines/WebGLSupport/UnityEditor.WebGL.Extensions.dll
Register platform support module: E:/Program Files/Unity/2020.3.2f1/Editor/Data/PlaybackEngines/WindowsStandaloneSupport/UnityEditor.WindowsStandalone.Extensions.dll
Registered in 0.001384 seconds.
Native extension for WindowsStandalone target not found
Native extension for WebGL target not found
Refreshing native plugins compatible for Editor in 94.21 ms, found 3 plugins.
Preloading 0 native plugins for Editor in 0.00 ms.
Invoked RoslynAnalysisRunner static constructor.
RoslynAnalysisRunner will not be running.
RoslynAnalysisRunner has terminated.
Mono: successfully reloaded assembly
- Completed reload, in  1.446 seconds
Platform modules already initialized, skipping
Registering precompiled user dll's ...
Registered in 0.002198 seconds.
Begin MonoManager ReloadAssembly
Native extension for WindowsStandalone target not found
Native extension for WebGL target not found
Refreshing native plugins compatible for Editor in 97.74 ms, found 3 plugins.
Preloading 0 native plugins for Editor in 0.00 ms.
Invoked RoslynAnalysisRunner static constructor.
RoslynAnalysisRunner will not be running.
RoslynAnalysisRunner has terminated.
Mono: successfully reloaded assembly
- Completed reload, in  1.619 seconds
Platform modules already initialized, skipping
========================================================================
Worker process is ready to serve import requests
Shader 'Universal Render Pipeline/Particles/Lit': fallback shader 'Universal Render Pipeline/Particles/SimpleLit' not found
Shader 'Universal Render Pipeline/Particles/Lit': fallback shader 'Universal Render Pipeline/Particles/SimpleLit' not found
Launched and connected shader compiler UnityShaderCompiler.exe after 0.05 seconds
Refreshing native plugins compatible for Editor in 0.77 ms, found 3 plugins.
Preloading 0 native plugins for Editor in 0.00 ms.
Unloading 3841 Unused Serialized files (Serialized files now loaded: 0)
System memory in use before: 160.1 MB.
System memory in use after: 157.3 MB.

Unloading 59 unused Assets to reduce memory usage. Loaded Objects now: 4244.
Total: 5.320600 ms (FindLiveObjects: 0.441200 ms CreateObjectMapping: 0.124500 ms MarkObjects: 3.113300 ms  DeleteObjects: 1.639600 ms)

========================================================================
Received Import Request.
  path: Assets/Scenes/In.unity
  artifactKey: Guid(c0ce37b52ae942041a59068c28a01864) Importer(815301076,1909f56bfc062723c751e8b465ee728b)
Start importing Assets/Scenes/In.unity using Guid(c0ce37b52ae942041a59068c28a01864) Importer(815301076,1909f56bfc062723c751e8b465ee728b)  -> (artifact id: '66feea984816f3897bee93bb7231b791') in 0.018707 seconds
  Import took 0.025599 seconds .

========================================================================
Received Prepare
Shader 'Universal Render Pipeline/Particles/Lit': fallback shader 'Universal Render Pipeline/Particles/SimpleLit' not found
Shader 'Universal Render Pipeline/Particles/Lit': fallback shader 'Universal Render Pipeline/Particles/SimpleLit' not found
Refreshing native plugins compatible for Editor in 3.78 ms, found 3 plugins.
Preloading 0 native plugins for Editor in 0.00 ms.
Unloading 61 Unused Serialized files (Serialized files now loaded: 0)
System memory in use before: 82.9 MB.
System memory in use after: 79.5 MB.

Unloading 61 unused Assets to reduce memory usage. Loaded Objects now: 4244.
Total: 6.686000 ms (FindLiveObjects: 0.537100 ms CreateObjectMapping: 0.185300 ms MarkObjects: 3.838000 ms  DeleteObjects: 2.123200 ms)

========================================================================
Received Prepare
Shader 'Universal Render Pipeline/Particles/Lit': fallback shader 'Universal Render Pipeline/Particles/SimpleLit' not found
Shader 'Universal Render Pipeline/Particles/Lit': fallback shader 'Universal Render Pipeline/Particles/SimpleLit' not found
Refreshing native plugins compatible for Editor in 3.77 ms, found 3 plugins.
Preloading 0 native plugins for Editor in 0.00 ms.
Unloading 61 Unused Serialized files (Serialized files now loaded: 0)
System memory in use before: 82.9 MB.
System memory in use after: 79.5 MB.

Unloading 61 unused Assets to reduce memory usage. Loaded Objects now: 4244.
Total: 6.577100 ms (FindLiveObjects: 0.465300 ms CreateObjectMapping: 0.123800 ms MarkObjects: 3.646100 ms  DeleteObjects: 2.340000 ms)

========================================================================
Received Prepare
Registering precompiled user dll's ...
Registered in 0.002591 seconds.
Begin MonoManager ReloadAssembly
Native extension for WindowsStandalone target not found
Native extension for WebGL target not found
Refreshing native plugins compatible for Editor in 0.84 ms, found 3 plugins.
Preloading 0 native plugins for Editor in 0.00 ms.
[ScriptCompilation] NOT recompiling all scripts because this is an import worker process. Reason to compile was: Define symbols changed
Invoked RoslynAnalysisRunner static constructor.
RoslynAnalysisRunner will not be running.
RoslynAnalysisRunner has terminated.
Mono: successfully reloaded assembly
- Completed reload, in  1.893 seconds
Platform modules already initialized, skipping
Shader 'Universal Render Pipeline/Particles/Lit': fallback shader 'Universal Render Pipeline/Particles/SimpleLit' not found
Shader 'Universal Render Pipeline/Particles/Lit': fallback shader 'Universal Render Pipeline/Particles/SimpleLit' not found
Refreshing native plugins compatible for Editor in 9.22 ms, found 3 plugins.
Preloading 0 native plugins for Editor in 0.00 ms.
Unloading 3752 Unused Serialized files (Serialized files now loaded: 0)
System memory in use before: 156.2 MB.
System memory in use after: 152.8 MB.

Unloading 65 unused Assets to reduce memory usage. Loaded Objects now: 4247.
Total: 46.132700 ms (FindLiveObjects: 1.794700 ms CreateObjectMapping: 0.598300 ms MarkObjects: 26.548200 ms  DeleteObjects: 17.187900 ms)

========================================================================
Received Prepare
Registering precompiled user dll's ...
Registered in 0.002211 seconds.
Begin MonoManager ReloadAssembly
Native extension for WindowsStandalone target not found
Native extension for WebGL target not found
Refreshing native plugins compatible for Editor in 0.79 ms, found 3 plugins.
Preloading 0 native plugins for Editor in 0.00 ms.
[ScriptCompilation] NOT recompiling all scripts because this is an import worker process. Reason to compile was: Define symbols changed
Invoked RoslynAnalysisRunner static constructor.
RoslynAnalysisRunner will not be running.
RoslynAnalysisRunner has terminated.
Mono: successfully reloaded assembly
- Completed reload, in  1.385 seconds
Platform modules already initialized, skipping
Shader 'Universal Render Pipeline/Particles/Lit': fallback shader 'Universal Render Pipeline/Particles/SimpleLit' not found
Shader 'Universal Render Pipeline/Particles/Lit': fallback shader 'Universal Render Pipeline/Particles/SimpleLit' not found
Refreshing native plugins compatible for Editor in 0.79 ms, found 3 plugins.
Preloading 0 native plugins for Editor in 0.00 ms.
Unloading 3752 Unused Serialized files (Serialized files now loaded: 0)
System memory in use before: 156.2 MB.
System memory in use after: 152.8 MB.

Unloading 65 unused Assets to reduce memory usage. Loaded Objects now: 4250.
Total: 5.939700 ms (FindLiveObjects: 0.468400 ms CreateObjectMapping: 0.160500 ms MarkObjects: 3.106600 ms  DeleteObjects: 2.202200 ms)

========================================================================
Received Prepare
Shader 'Universal Render Pipeline/Particles/Lit': fallback shader 'Universal Render Pipeline/Particles/SimpleLit' not found
Shader 'Universal Render Pipeline/Particles/Lit': fallback shader 'Universal Render Pipeline/Particles/SimpleLit' not found
Refreshing native plugins compatible for Editor in 3.85 ms, found 3 plugins.
Preloading 0 native plugins for Editor in 0.00 ms.
Unloading 61 Unused Serialized files (Serialized files now loaded: 0)
System memory in use before: 83.4 MB.
System memory in use after: 80.0 MB.

Unloading 61 unused Assets to reduce memory usage. Loaded Objects now: 4250.
Total: 6.052700 ms (FindLiveObjects: 0.446200 ms CreateObjectMapping: 0.123700 ms MarkObjects: 3.183100 ms  DeleteObjects: 2.297900 ms)

========================================================================
Received Prepare
Registering precompiled user dll's ...
Registered in 0.002926 seconds.
Begin MonoManager ReloadAssembly
Native extension for WindowsStandalone target not found
Native extension for WebGL target not found
Refreshing native plugins compatible for Editor in 0.83 ms, found 3 plugins.
Preloading 0 native plugins for Editor in 0.00 ms.
Invoked RoslynAnalysisRunner static constructor.
RoslynAnalysisRunner will not be running.
RoslynAnalysisRunner has terminated.
Mono: successfully reloaded assembly
- Completed reload, in  1.511 seconds
Platform modules already initialized, skipping
Shader 'Universal Render Pipeline/Particles/Lit': fallback shader 'Universal Render Pipeline/Particles/SimpleLit' not found
Shader 'Universal Render Pipeline/Particles/Lit': fallback shader 'Universal Render Pipeline/Particles/SimpleLit' not found
Refreshing native plugins compatible for Editor in 0.78 ms, found 3 plugins.
Preloading 0 native plugins for Editor in 0.00 ms.
Unloading 3752 Unused Serialized files (Serialized files now loaded: 0)
System memory in use before: 156.3 MB.
System memory in use after: 152.9 MB.

Unloading 65 unused Assets to reduce memory usage. Loaded Objects now: 4253.
Total: 5.906500 ms (FindLiveObjects: 0.427200 ms CreateObjectMapping: 0.123900 ms MarkObjects: 3.100700 ms  DeleteObjects: 2.253000 ms)

========================================================================
Received Import Request.
  Time since last request: 888.568205 seconds.
  path: Assets/doc.txt
  artifactKey: Guid(06a7d8eba7fcd384988a2db7e3026346) Importer(815301076,1909f56bfc062723c751e8b465ee728b)
Start importing Assets/doc.txt using Guid(06a7d8eba7fcd384988a2db7e3026346) Importer(815301076,1909f56bfc062723c751e8b465ee728b)  -> (artifact id: 'c581b6a5eda735b1ce65b459a2180ea3') in 0.093692 seconds
  Import took 0.101031 seconds .

========================================================================
Received Import Request.
  Time since last request: 88.235961 seconds.
  path: Assets/AddressableAssetsData/AssetGroups/Default Local Group.asset
  artifactKey: Guid(8d64a27da392139489091e83d225a56c) Importer(815301076,1909f56bfc062723c751e8b465ee728b)
Start importing Assets/AddressableAssetsData/AssetGroups/Default Local Group.asset using Guid(8d64a27da392139489091e83d225a56c) Importer(815301076,1909f56bfc062723c751e8b465ee728b)  -> (artifact id: '57a3e817ff47ffa534888cc4b96c6f38') in 0.009595 seconds
  Import took 0.016932 seconds .

========================================================================
Received Import Request.
  Time since last request: 0.018071 seconds.
  path: Assets/AddressableAssetsData/AssetGroups/Default Local Group.asset
  artifactKey: Guid(8d64a27da392139489091e83d225a56c) Importer(815301076,1909f56bfc062723c751e8b465ee728b)
Start importing Assets/AddressableAssetsData/AssetGroups/Default Local Group.asset using Guid(8d64a27da392139489091e83d225a56c) Importer(815301076,1909f56bfc062723c751e8b465ee728b)  -> (artifact id: '57a3e817ff47ffa534888cc4b96c6f38') in 0.002115 seconds
  Import took 0.008715 seconds .

========================================================================
Received Prepare
Shader 'Universal Render Pipeline/Particles/Lit': fallback shader 'Universal Render Pipeline/Particles/SimpleLit' not found
Shader 'Universal Render Pipeline/Particles/Lit': fallback shader 'Universal Render Pipeline/Particles/SimpleLit' not found
Refreshing native plugins compatible for Editor in 3.86 ms, found 3 plugins.
Preloading 0 native plugins for Editor in 0.00 ms.
Unloading 61 Unused Serialized files (Serialized files now loaded: 0)
System memory in use before: 83.5 MB.
System memory in use after: 80.1 MB.

Unloading 61 unused Assets to reduce memory usage. Loaded Objects now: 4253.
Total: 6.741000 ms (FindLiveObjects: 0.440500 ms CreateObjectMapping: 0.119200 ms MarkObjects: 3.856100 ms  DeleteObjects: 2.323300 ms)

AssetImportWorkerClient::OnTransportError - code=2 error=End of file
