Using pre-set license
Built from '2020.3/release' branch; Version is '2020.3.2f1 (8fd9074bf66c) revision 9427207'; Using compiler version '192528614'; Build Type 'Release'
OS: 'Windows 10 Enterprise LTSC 2019; OS build 17763.1637; Version 1809; 64bit' Language: 'ru' Physical Memory: 16335 MB
BatchMode: 1, IsHumanControllingUs: 0, StartBugReporterOnCrash: 0, Is64bit: 1, IsPro: 0

 COMMAND LINE ARGUMENTS:
E:\Program Files\Unity\2020.3.2f1\Editor\Unity.exe
-adb2
-batchMode
-noUpm
-name
AssetImportWorker0
-projectPath
E:/coding/unity/Blank
-logFile
Logs/AssetImportWorker0.log
-srvPort
51208
Successfully changed project path to: E:/coding/unity/Blank
E:/coding/unity/Blank
Using Asset Import Pipeline V2.
Refreshing native plugins compatible for Editor in 91.50 ms, found 3 plugins.
Preloading 0 native plugins for Editor in 0.00 ms.
Initialize engine version: 2020.3.2f1 (8fd9074bf66c)
[Subsystems] Discovering subsystems at path E:/Program Files/Unity/2020.3.2f1/Editor/Data/Resources/UnitySubsystems
[Subsystems] Discovering subsystems at path E:/coding/unity/Blank/Assets
GfxDevice: creating device client; threaded=0
Direct3D:
    Version:  Direct3D 11.0 [level 11.1]
    Renderer: Radeon RX 570 Series (ID=0x67df)
    Vendor:   
    VRAM:     8171 MB
    Driver:   27.20.14501.18003
Initialize mono
Mono path[0] = 'E:/Program Files/Unity/2020.3.2f1/Editor/Data/Managed'
Mono path[1] = 'E:/Program Files/Unity/2020.3.2f1/Editor/Data/MonoBleedingEdge/lib/mono/unityjit'
Mono config path = 'E:/Program Files/Unity/2020.3.2f1/Editor/Data/MonoBleedingEdge/etc'
Using monoOptions --debugger-agent=transport=dt_socket,embedding=1,server=y,suspend=n,address=127.0.0.1:56408
Begin MonoManager ReloadAssembly
Registering precompiled unity dll's ...
Register platform support module: E:/Program Files/Unity/2020.3.2f1/Editor/Data/PlaybackEngines/WebGLSupport/UnityEditor.WebGL.Extensions.dll
Register platform support module: E:/Program Files/Unity/2020.3.2f1/Editor/Data/PlaybackEngines/WindowsStandaloneSupport/UnityEditor.WindowsStandalone.Extensions.dll
Registered in 0.001391 seconds.
Native extension for WindowsStandalone target not found
Native extension for WebGL target not found
Refreshing native plugins compatible for Editor in 93.70 ms, found 3 plugins.
Preloading 0 native plugins for Editor in 0.00 ms.
Invoked RoslynAnalysisRunner static constructor.
RoslynAnalysisRunner will not be running.
RoslynAnalysisRunner has terminated.
Mono: successfully reloaded assembly
- Completed reload, in  1.442 seconds
Platform modules already initialized, skipping
Registering precompiled user dll's ...
Registered in 0.002235 seconds.
Begin MonoManager ReloadAssembly
Native extension for WindowsStandalone target not found
Native extension for WebGL target not found
Refreshing native plugins compatible for Editor in 94.11 ms, found 3 plugins.
Preloading 0 native plugins for Editor in 0.00 ms.
Invoked RoslynAnalysisRunner static constructor.
RoslynAnalysisRunner will not be running.
RoslynAnalysisRunner has terminated.
Mono: successfully reloaded assembly
- Completed reload, in  1.511 seconds
Platform modules already initialized, skipping
========================================================================
Worker process is ready to serve import requests
Shader 'Universal Render Pipeline/Particles/Lit': fallback shader 'Universal Render Pipeline/Particles/SimpleLit' not found
Shader 'Universal Render Pipeline/Particles/Lit': fallback shader 'Universal Render Pipeline/Particles/SimpleLit' not found
Launched and connected shader compiler UnityShaderCompiler.exe after 0.05 seconds
Refreshing native plugins compatible for Editor in 0.79 ms, found 3 plugins.
Preloading 0 native plugins for Editor in 0.00 ms.
Unloading 3829 Unused Serialized files (Serialized files now loaded: 0)
System memory in use before: 159.3 MB.
System memory in use after: 156.6 MB.

Unloading 59 unused Assets to reduce memory usage. Loaded Objects now: 4230.
Total: 5.671900 ms (FindLiveObjects: 0.778600 ms CreateObjectMapping: 0.217600 ms MarkObjects: 3.024100 ms  DeleteObjects: 1.649600 ms)

========================================================================
Received Import Request.
  path: Assets/Data/Modules/EventSystem.asset
  artifactKey: Guid(1ff2b598fc3871643ace5746606d233e) Importer(815301076,1909f56bfc062723c751e8b465ee728b)
Start importing Assets/Data/Modules/EventSystem.asset using Guid(1ff2b598fc3871643ace5746606d233e) Importer(815301076,1909f56bfc062723c751e8b465ee728b)  -> (artifact id: 'fe449da7e1a501261e7179575d125646') in 0.035341 seconds
  Import took 0.042238 seconds .

========================================================================
Received Import Request.
  Time since last request: 0.000282 seconds.
  path: Assets/Data/Modules/PointerPosition.asset
  artifactKey: Guid(1d8d0af62e9882447ba7cfb79b7c270c) Importer(815301076,1909f56bfc062723c751e8b465ee728b)
Start importing Assets/Data/Modules/PointerPosition.asset using Guid(1d8d0af62e9882447ba7cfb79b7c270c) Importer(815301076,1909f56bfc062723c751e8b465ee728b)  -> (artifact id: 'ef71f23151ec38dd034e8078ebee5ebc') in 0.004627 seconds
  Import took 0.011284 seconds .

========================================================================
Received Import Request.
  Time since last request: 0.000218 seconds.
  path: Assets/Data/Modules/TaskManager.asset
  artifactKey: Guid(1a78d3c66d6e55340861f8d652503f97) Importer(815301076,1909f56bfc062723c751e8b465ee728b)
Start importing Assets/Data/Modules/TaskManager.asset using Guid(1a78d3c66d6e55340861f8d652503f97) Importer(815301076,1909f56bfc062723c751e8b465ee728b)  -> (artifact id: '2ee765e1099575497f22ea2d4ae11af2') in 0.002889 seconds
  Import took 0.009478 seconds .

========================================================================
Received Import Request.
  Time since last request: 0.000247 seconds.
  path: Assets/Data/Modules/Localization.asset
  artifactKey: Guid(b5856b6b81e96834c9c6d4164e03519a) Importer(815301076,1909f56bfc062723c751e8b465ee728b)
Start importing Assets/Data/Modules/Localization.asset using Guid(b5856b6b81e96834c9c6d4164e03519a) Importer(815301076,1909f56bfc062723c751e8b465ee728b)  -> (artifact id: '23bd7be2697ba88311eb0b2b1b1b68f2') in 0.003078 seconds
  Import took 0.010514 seconds .

========================================================================
Received Import Request.
  Time since last request: 14.061459 seconds.
  path: Assets/Data/Modules
  artifactKey: Guid(e50c344c131c34448bd5af74568893fe) Importer(815301076,1909f56bfc062723c751e8b465ee728b)
Start importing Assets/Data/Modules using Guid(e50c344c131c34448bd5af74568893fe) Importer(815301076,1909f56bfc062723c751e8b465ee728b)  -> (artifact id: '48f0df635b3c9590c98776e47c593576') in 0.001654 seconds
  Import took 0.008359 seconds .

========================================================================
Received Import Request.
  Time since last request: 6.679302 seconds.
  path: Assets/Data/Modules/DebugControl.asset
  artifactKey: Guid(4a6705ccc954cdd43b5c4171f1e45760) Importer(815301076,1909f56bfc062723c751e8b465ee728b)
Start importing Assets/Data/Modules/DebugControl.asset using Guid(4a6705ccc954cdd43b5c4171f1e45760) Importer(815301076,1909f56bfc062723c751e8b465ee728b)  -> (artifact id: '943c3cfc1431c19ed90390239701f20f') in 0.002655 seconds
  Import took 0.009270 seconds .

========================================================================
Received Import Request.
  Time since last request: 80.697905 seconds.
  path: Assets/Scenes/Main.unity
  artifactKey: Guid(c019f3193b61e7040a253a48a3c86bf2) Importer(815301076,1909f56bfc062723c751e8b465ee728b)
Start importing Assets/Scenes/Main.unity using Guid(c019f3193b61e7040a253a48a3c86bf2) Importer(815301076,1909f56bfc062723c751e8b465ee728b)  -> (artifact id: 'cd654f22600844560ba94815cfeca0e8') in 0.002171 seconds
  Import took 0.009236 seconds .

========================================================================
Received Import Request.
  Time since last request: 5.206018 seconds.
  path: Assets/Scenes/Core.unity
  artifactKey: Guid(c019f3193b61e7040a253a48a3c86bf2) Importer(815301076,1909f56bfc062723c751e8b465ee728b)
Start importing Assets/Scenes/Core.unity using Guid(c019f3193b61e7040a253a48a3c86bf2) Importer(815301076,1909f56bfc062723c751e8b465ee728b)  -> (artifact id: 'edddce3ce6286139a19da45d5760e08f') in 0.001914 seconds
  Import took 0.008542 seconds .

========================================================================
Received Prepare
Registering precompiled user dll's ...
Registered in 0.002184 seconds.
Begin MonoManager ReloadAssembly
Native extension for WindowsStandalone target not found
Native extension for WebGL target not found
Refreshing native plugins compatible for Editor in 0.80 ms, found 3 plugins.
Preloading 0 native plugins for Editor in 0.00 ms.
Invoked RoslynAnalysisRunner static constructor.
RoslynAnalysisRunner will not be running.
RoslynAnalysisRunner has terminated.
Mono: successfully reloaded assembly
- Completed reload, in  1.381 seconds
Platform modules already initialized, skipping
Shader 'Universal Render Pipeline/Particles/Lit': fallback shader 'Universal Render Pipeline/Particles/SimpleLit' not found
Shader 'Universal Render Pipeline/Particles/Lit': fallback shader 'Universal Render Pipeline/Particles/SimpleLit' not found
Refreshing native plugins compatible for Editor in 0.84 ms, found 3 plugins.
Preloading 0 native plugins for Editor in 0.00 ms.
Unloading 3751 Unused Serialized files (Serialized files now loaded: 0)
System memory in use before: 155.3 MB.
System memory in use after: 152.5 MB.

Unloading 52 unused Assets to reduce memory usage. Loaded Objects now: 4247.
Total: 5.184600 ms (FindLiveObjects: 0.457700 ms CreateObjectMapping: 0.118900 ms MarkObjects: 2.906800 ms  DeleteObjects: 1.699600 ms)

========================================================================
Received Prepare
Registering precompiled user dll's ...
Registered in 0.002173 seconds.
Begin MonoManager ReloadAssembly
Native extension for WindowsStandalone target not found
Native extension for WebGL target not found
Refreshing native plugins compatible for Editor in 0.80 ms, found 3 plugins.
Preloading 0 native plugins for Editor in 0.00 ms.
Invoked RoslynAnalysisRunner static constructor.
RoslynAnalysisRunner will not be running.
RoslynAnalysisRunner has terminated.
Mono: successfully reloaded assembly
- Completed reload, in  1.371 seconds
Platform modules already initialized, skipping
Shader 'Universal Render Pipeline/Particles/Lit': fallback shader 'Universal Render Pipeline/Particles/SimpleLit' not found
Shader 'Universal Render Pipeline/Particles/Lit': fallback shader 'Universal Render Pipeline/Particles/SimpleLit' not found
Refreshing native plugins compatible for Editor in 0.81 ms, found 3 plugins.
Preloading 0 native plugins for Editor in 0.00 ms.
Unloading 3739 Unused Serialized files (Serialized files now loaded: 0)
System memory in use before: 155.0 MB.
System memory in use after: 152.3 MB.

Unloading 52 unused Assets to reduce memory usage. Loaded Objects now: 4250.
Total: 5.310700 ms (FindLiveObjects: 0.450800 ms CreateObjectMapping: 0.121100 ms MarkObjects: 2.979200 ms  DeleteObjects: 1.758200 ms)

========================================================================
Received Import Request.
  Time since last request: 476.214371 seconds.
  path: Assets/AddressableAssetsData/DefaultObject.asset
  artifactKey: Guid(cde96ba4e34b2cd43a10a5d896ecd217) Importer(815301076,1909f56bfc062723c751e8b465ee728b)
Start importing Assets/AddressableAssetsData/DefaultObject.asset using Guid(cde96ba4e34b2cd43a10a5d896ecd217) Importer(815301076,1909f56bfc062723c751e8b465ee728b)  -> (artifact id: '53ca6cdccc43c8ba61db0f5e451dde4b') in 0.018478 seconds
  Import took 0.025298 seconds .

========================================================================
Received Import Request.
  Time since last request: 0.457028 seconds.
  path: Assets/AddressableAssetsData/AddressableAssetSettings.asset
  artifactKey: Guid(c9d26e99991ba554f8884f75cd3a392f) Importer(815301076,1909f56bfc062723c751e8b465ee728b)
Start importing Assets/AddressableAssetsData/AddressableAssetSettings.asset using Guid(c9d26e99991ba554f8884f75cd3a392f) Importer(815301076,1909f56bfc062723c751e8b465ee728b)  -> (artifact id: '6cdf1e1c8f5124fbd763a0cddfbca8ff') in 0.005646 seconds
  Import took 0.012816 seconds .

========================================================================
Received Import Request.
  Time since last request: 0.086778 seconds.
  path: Assets/AddressableAssetsData/AddressableAssetSettings.asset
  artifactKey: Guid(c9d26e99991ba554f8884f75cd3a392f) Importer(815301076,1909f56bfc062723c751e8b465ee728b)
Start importing Assets/AddressableAssetsData/AddressableAssetSettings.asset using Guid(c9d26e99991ba554f8884f75cd3a392f) Importer(815301076,1909f56bfc062723c751e8b465ee728b)  -> (artifact id: '6cdf1e1c8f5124fbd763a0cddfbca8ff') in 0.006143 seconds
  Import took 0.012865 seconds .

========================================================================
Received Import Request.
  Time since last request: 46.453173 seconds.
  path: Assets/AddressableAssetsData/DataBuilders/BuildScriptFastMode.asset
  artifactKey: Guid(c7235aa4f632c7f428040a2155abb016) Importer(815301076,1909f56bfc062723c751e8b465ee728b)
Start importing Assets/AddressableAssetsData/DataBuilders/BuildScriptFastMode.asset using Guid(c7235aa4f632c7f428040a2155abb016) Importer(815301076,1909f56bfc062723c751e8b465ee728b)  -> (artifact id: '5d1a21591d1c6cd67eade0a1347adda1') in 0.002250 seconds
  Import took 0.009132 seconds .

========================================================================
Received Import Request.
  Time since last request: 0.027156 seconds.
  path: Assets/AddressableAssetsData/DataBuilders/BuildScriptFastMode.asset
  artifactKey: Guid(c7235aa4f632c7f428040a2155abb016) Importer(815301076,1909f56bfc062723c751e8b465ee728b)
Start importing Assets/AddressableAssetsData/DataBuilders/BuildScriptFastMode.asset using Guid(c7235aa4f632c7f428040a2155abb016) Importer(815301076,1909f56bfc062723c751e8b465ee728b)  -> (artifact id: '5d1a21591d1c6cd67eade0a1347adda1') in 0.001968 seconds
  Import took 0.008494 seconds .

========================================================================
Received Import Request.
  Time since last request: 0.757007 seconds.
  path: Assets/AddressableAssetsData/DataBuilders/BuildScriptPackedMode.asset
  artifactKey: Guid(4a90c44febb3c4d4ca6fc5943e1d767a) Importer(815301076,1909f56bfc062723c751e8b465ee728b)
Start importing Assets/AddressableAssetsData/DataBuilders/BuildScriptPackedMode.asset using Guid(4a90c44febb3c4d4ca6fc5943e1d767a) Importer(815301076,1909f56bfc062723c751e8b465ee728b)  -> (artifact id: '8de4d5b3438dc4f90dc1b5eb7868462e') in 0.002069 seconds
  Import took 0.008601 seconds .

========================================================================
Received Import Request.
  Time since last request: 0.021021 seconds.
  path: Assets/AddressableAssetsData/DataBuilders/BuildScriptPackedMode.asset
  artifactKey: Guid(4a90c44febb3c4d4ca6fc5943e1d767a) Importer(815301076,1909f56bfc062723c751e8b465ee728b)
Start importing Assets/AddressableAssetsData/DataBuilders/BuildScriptPackedMode.asset using Guid(4a90c44febb3c4d4ca6fc5943e1d767a) Importer(815301076,1909f56bfc062723c751e8b465ee728b)  -> (artifact id: '8de4d5b3438dc4f90dc1b5eb7868462e') in 0.002278 seconds
  Import took 0.008911 seconds .

========================================================================
Received Import Request.
  Time since last request: 0.639150 seconds.
  path: Assets/AddressableAssetsData/DataBuilders/BuildScriptPackedPlayMode.asset
  artifactKey: Guid(60af36b18a51e3c4a897623ed169d74c) Importer(815301076,1909f56bfc062723c751e8b465ee728b)
Start importing Assets/AddressableAssetsData/DataBuilders/BuildScriptPackedPlayMode.asset using Guid(60af36b18a51e3c4a897623ed169d74c) Importer(815301076,1909f56bfc062723c751e8b465ee728b)  -> (artifact id: 'b28f14c6a9c60ed8c33b26d4ea123f4d') in 0.002073 seconds
  Import took 0.008705 seconds .

========================================================================
Received Import Request.
  Time since last request: 0.021489 seconds.
  path: Assets/AddressableAssetsData/DataBuilders/BuildScriptPackedPlayMode.asset
  artifactKey: Guid(60af36b18a51e3c4a897623ed169d74c) Importer(815301076,1909f56bfc062723c751e8b465ee728b)
Start importing Assets/AddressableAssetsData/DataBuilders/BuildScriptPackedPlayMode.asset using Guid(60af36b18a51e3c4a897623ed169d74c) Importer(815301076,1909f56bfc062723c751e8b465ee728b)  -> (artifact id: 'b28f14c6a9c60ed8c33b26d4ea123f4d') in 0.001962 seconds
  Import took 0.008516 seconds .

========================================================================
Received Import Request.
  Time since last request: 0.400702 seconds.
  path: Assets/AddressableAssetsData/DataBuilders/BuildScriptVirtualMode.asset
  artifactKey: Guid(3dceb6cc43bee4644a178b5cc0f70ebe) Importer(815301076,1909f56bfc062723c751e8b465ee728b)
Start importing Assets/AddressableAssetsData/DataBuilders/BuildScriptVirtualMode.asset using Guid(3dceb6cc43bee4644a178b5cc0f70ebe) Importer(815301076,1909f56bfc062723c751e8b465ee728b)  -> (artifact id: '3630ee6da25ee45fa483ce6974a2e81f') in 0.002141 seconds
  Import took 0.008646 seconds .

========================================================================
Received Import Request.
  Time since last request: 0.024976 seconds.
  path: Assets/AddressableAssetsData/DataBuilders/BuildScriptVirtualMode.asset
  artifactKey: Guid(3dceb6cc43bee4644a178b5cc0f70ebe) Importer(815301076,1909f56bfc062723c751e8b465ee728b)
Start importing Assets/AddressableAssetsData/DataBuilders/BuildScriptVirtualMode.asset using Guid(3dceb6cc43bee4644a178b5cc0f70ebe) Importer(815301076,1909f56bfc062723c751e8b465ee728b)  -> (artifact id: '3630ee6da25ee45fa483ce6974a2e81f') in 0.001931 seconds
  Import took 0.008616 seconds .

========================================================================
Received Import Request.
  Time since last request: 4.297387 seconds.
  path: Assets/AddressableAssetsData/DataBuilders
  artifactKey: Guid(9e21c85dc50e93948b2634b397914e5e) Importer(815301076,1909f56bfc062723c751e8b465ee728b)
Start importing Assets/AddressableAssetsData/DataBuilders using Guid(9e21c85dc50e93948b2634b397914e5e) Importer(815301076,1909f56bfc062723c751e8b465ee728b)  -> (artifact id: 'ed06cc69420551ebaede5a94be93adb2') in 0.001521 seconds
  Import took 0.008101 seconds .

